Using pre-set license
Built from '2021.2/release' branch; Version is '2021.2.0f1 (4bf1ec4b23c9) revision 4977132'; Using compiler version '192829333'; Build Type 'Release'
OS: 'Windows 10 Home Single Language; OS build 19042.1288; Version 2009; 64bit' Language: 'pt' Physical Memory: 20357 MB
BatchMode: 1, IsHumanControllingUs: 0, StartBugReporterOnCrash: 0, Is64bit: 1, IsPro: 0

COMMAND LINE ARGUMENTS:
C:\Program Files\Unity\Hub\Editor\2021.2.0f1\Editor\Unity.exe
-adb2
-batchMode
-noUpm
-name
AssetImportWorker0
-projectPath
C:/Users/joaog/GoodEvil
-logFile
Logs/AssetImportWorker0.log
-srvPort
60857
Successfully changed project path to: C:/Users/joaog/GoodEvil
C:/Users/joaog/GoodEvil
[UnityMemory] Configuration Parameters - Can be set up in boot.config
    "memorysetup-bucket-allocator-granularity=16"
    "memorysetup-bucket-allocator-bucket-count=8"
    "memorysetup-bucket-allocator-block-size=33554432"
    "memorysetup-bucket-allocator-block-count=8"
    "memorysetup-main-allocator-block-size=16777216"
    "memorysetup-thread-allocator-block-size=16777216"
    "memorysetup-gfx-main-allocator-block-size=16777216"
    "memorysetup-gfx-thread-allocator-block-size=16777216"
    "memorysetup-cache-allocator-block-size=4194304"
    "memorysetup-typetree-allocator-block-size=2097152"
    "memorysetup-profiler-bucket-allocator-granularity=16"
    "memorysetup-profiler-bucket-allocator-bucket-count=8"
    "memorysetup-profiler-bucket-allocator-block-size=33554432"
    "memorysetup-profiler-bucket-allocator-block-count=8"
    "memorysetup-profiler-allocator-block-size=16777216"
    "memorysetup-profiler-editor-allocator-block-size=1048576"
    "memorysetup-temp-allocator-size-main=16777216"
    "memorysetup-job-temp-allocator-block-size=2097152"
    "memorysetup-job-temp-allocator-block-size-background=1048576"
    "memorysetup-job-temp-allocator-reduction-small-platforms=262144"
    "memorysetup-temp-allocator-size-background-worker=32768"
    "memorysetup-temp-allocator-size-job-worker=262144"
    "memorysetup-temp-allocator-size-preload-manager=33554432"
    "memorysetup-temp-allocator-size-nav-mesh-worker=65536"
    "memorysetup-temp-allocator-size-audio-worker=65536"
    "memorysetup-temp-allocator-size-cloud-worker=32768"
    "memorysetup-temp-allocator-size-gi-baking-worker=262144"
    "memorysetup-temp-allocator-size-gfx=262144"
Refreshing native plugins compatible for Editor in 156.78 ms, found 4 plugins.
Preloading 0 native plugins for Editor in 0.00 ms.
Initialize engine version: 2021.2.0f1 (4bf1ec4b23c9)
[Subsystems] Discovering subsystems at path C:/Program Files/Unity/Hub/Editor/2021.2.0f1/Editor/Data/Resources/UnitySubsystems
[Subsystems] Discovering subsystems at path C:/Users/joaog/GoodEvil/Assets
GfxDevice: creating device client; threaded=0; jobified=0
Direct3D:
    Version:  Direct3D 11.0 [level 11.1]
    Renderer: Intel(R) UHD Graphics 620 (ID=0x5917)
    Vendor:   Intel
    VRAM:     10178 MB
    Driver:   27.20.100.8681
Initialize mono
Mono path[0] = 'C:/Program Files/Unity/Hub/Editor/2021.2.0f1/Editor/Data/Managed'
Mono path[1] = 'C:/Program Files/Unity/Hub/Editor/2021.2.0f1/Editor/Data/MonoBleedingEdge/lib/mono/unityjit-win32'
Mono config path = 'C:/Program Files/Unity/Hub/Editor/2021.2.0f1/Editor/Data/MonoBleedingEdge/etc'
Using monoOptions --debugger-agent=transport=dt_socket,embedding=1,server=y,suspend=n,address=127.0.0.1:56528
Begin MonoManager ReloadAssembly
Registering precompiled unity dll's ...
Register platform support module: C:/Program Files/Unity/Hub/Editor/2021.2.0f1/Editor/Data/PlaybackEngines/WindowsStandaloneSupport/UnityEditor.WindowsStandalone.Extensions.dll
Registered in 0.026894 seconds.
Native extension for WindowsStandalone target not found
Refreshing native plugins compatible for Editor in 339.96 ms, found 4 plugins.
Preloading 0 native plugins for Editor in 0.00 ms.
Mono: successfully reloaded assembly
- Completed reload, in  1.941 seconds
Domain Reload Profiling:
	ReloadAssembly (1942ms)
		BeginReloadAssembly (121ms)
			ExecutionOrderSort (0ms)
			DisableScriptedObjects (0ms)
			BackupInstance (0ms)
			ReleaseScriptingObjects (0ms)
			CreateAndSetChildDomain (1ms)
		EndReloadAssembly (1235ms)
			LoadAssemblies (119ms)
			RebuildTransferFunctionScriptingTraits (0ms)
			SetupTypeCache (220ms)
			ReleaseScriptCaches (0ms)
			RebuildScriptCaches (47ms)
			SetupLoadedEditorAssemblies (878ms)
				LogAssemblyErrors (0ms)
				InitializePlatformSupportModulesInManaged (10ms)
				SetLoadedEditorAssemblies (0ms)
				RefreshPlugins (340ms)
				BeforeProcessingInitializeOnLoad (3ms)
				ProcessInitializeOnLoadAttributes (432ms)
				ProcessInitializeOnLoadMethodAttributes (92ms)
				AfterProcessingInitializeOnLoad (0ms)
				EditorAssembliesLoaded (0ms)
			ExecutionOrderSort2 (0ms)
			AwakeInstancesAfterBackupRestoration (0ms)
Platform modules already initialized, skipping
Registering precompiled user dll's ...
Registered in 0.011720 seconds.
Begin MonoManager ReloadAssembly
Symbol file LoadedFromMemory doesn't match image C:\Users\joaog\GoodEvil\Library\PackageCache\com.unity.visualscripting@1.7.2\Editor\VisualScripting.Core\Dependencies\YamlDotNet\Unity.VisualScripting.YamlDotNet.dll
Symbol file LoadedFromMemory doesn't match image C:\Users\joaog\GoodEvil\Library\PackageCache\com.unity.visualscripting@1.7.2\Editor\VisualScripting.Core\Dependencies\DotNetZip\Unity.VisualScripting.IonicZip.dll
Native extension for WindowsStandalone target not found
Refreshing native plugins compatible for Editor in 246.76 ms, found 4 plugins.
Preloading 0 native plugins for Editor in 0.00 ms.
Mono: successfully reloaded assembly
- Completed reload, in  3.980 seconds
Domain Reload Profiling:
	ReloadAssembly (3981ms)
		BeginReloadAssembly (331ms)
			ExecutionOrderSort (0ms)
			DisableScriptedObjects (20ms)
			BackupInstance (0ms)
			ReleaseScriptingObjects (0ms)
			CreateAndSetChildDomain (29ms)
		EndReloadAssembly (3455ms)
			LoadAssemblies (142ms)
			RebuildTransferFunctionScriptingTraits (0ms)
			SetupTypeCache (826ms)
			ReleaseScriptCaches (1ms)
			RebuildScriptCaches (130ms)
			SetupLoadedEditorAssemblies (2025ms)
				LogAssemblyErrors (0ms)
				InitializePlatformSupportModulesInManaged (27ms)
				SetLoadedEditorAssemblies (0ms)
				RefreshPlugins (247ms)
				BeforeProcessingInitializeOnLoad (138ms)
				ProcessInitializeOnLoadAttributes (1409ms)
				ProcessInitializeOnLoadMethodAttributes (163ms)
				AfterProcessingInitializeOnLoad (41ms)
				EditorAssembliesLoaded (1ms)
			ExecutionOrderSort2 (0ms)
			AwakeInstancesAfterBackupRestoration (23ms)
Platform modules already initialized, skipping
========================================================================
Worker process is ready to serve import requests
Launched and connected shader compiler UnityShaderCompiler.exe after 0.30 seconds
Refreshing native plugins compatible for Editor in 1.38 ms, found 4 plugins.
Preloading 0 native plugins for Editor in 0.00 ms.
Unloading 3886 Unused Serialized files (Serialized files now loaded: 0)
Unloading 38 unused Assets / (55.9 KB). Loaded Objects now: 4344.
Memory consumption went from 149.4 MB to 149.4 MB.
Total: 14.377700 ms (FindLiveObjects: 0.629200 ms CreateObjectMapping: 0.839800 ms MarkObjects: 12.797600 ms  DeleteObjects: 0.108900 ms)

AssetImportParameters requested are different than current active one (requested -> active):
  custom:video-decoder-ogg-theora: a1e56fd34408186e4bbccfd4996cb3dc -> 
  custom:container-muxer-webm: aa71ff27fc2769a1b78a27578f13a17b -> 
  custom:container-demuxer-webm: 4f35f7cbe854078d1ac9338744f61a02 -> 
  custom:video-encoder-webm-vp8: eb34c28f22e8b96e1ab97ce403110664 -> 
  custom:audio-encoder-webm-vorbis: bf7c407c2cedff20999df2af8eb42d56 -> 
  custom:framework-win-MediaFoundation: 216162199b28c13a410421893ffa2e32 -> 
  custom:container-demuxer-ogg: 62fdf1f143b41e24485cea50d1cbac27 -> 
  custom:video-decoder-webm-vp8: 9c59270c3fd7afecdb556c50c9e8de78 -> 
  custom:audio-decoder-ogg-vorbis: bf7c407c2cedff20999df2af8eb42d56 -> 
========================================================================
Received Import Request.
  Time since last request: 10387.201937 seconds.
  path: Assets/sprites/Damakos/Sprites/ataque.png
  artifactKey: Guid(5efabd13ffb51f649839befbc1212509) Importer(815301076,1909f56bfc062723c751e8b465ee728b)
Start importing Assets/sprites/Damakos/Sprites/ataque.png using Guid(5efabd13ffb51f649839befbc1212509) Importer(815301076,1909f56bfc062723c751e8b465ee728b)  -> (artifact id: '11a950a7c986453807e2374b73eab8b8') in 0.269709 seconds 
========================================================================
Received Import Request.
  Time since last request: 0.000079 seconds.
  path: Assets/sprites/Damakos/Sprites/ataque_baixo.png
  artifactKey: Guid(8cc4cfc40ef049240afefc6cedb11b4d) Importer(815301076,1909f56bfc062723c751e8b465ee728b)
Start importing Assets/sprites/Damakos/Sprites/ataque_baixo.png using Guid(8cc4cfc40ef049240afefc6cedb11b4d) Importer(815301076,1909f56bfc062723c751e8b465ee728b)  -> (artifact id: 'f7fd04f2b6d07ed809797f496e2c1fd4') in 0.022038 seconds 
========================================================================
Received Import Request.
  Time since last request: 0.000154 seconds.
  path: Assets/sprites/Damakos/Sprites/ataque_dir.png
  artifactKey: Guid(a2dd3278dc89f4e4b8e562131bde411b) Importer(815301076,1909f56bfc062723c751e8b465ee728b)
Start importing Assets/sprites/Damakos/Sprites/ataque_dir.png using Guid(a2dd3278dc89f4e4b8e562131bde411b) Importer(815301076,1909f56bfc062723c751e8b465ee728b)  -> (artifact id: '61793fe40c5fee763caa2b21fed6fded') in 0.058841 seconds 
========================================================================
Received Import Request.
  Time since last request: 0.679660 seconds.
  path: Assets/sprites/Damakos/Sprites/ataque_esq.png
  artifactKey: Guid(2c59503b258d71844969ade4ef8fcbbe) Importer(815301076,1909f56bfc062723c751e8b465ee728b)
Start importing Assets/sprites/Damakos/Sprites/ataque_esq.png using Guid(2c59503b258d71844969ade4ef8fcbbe) Importer(815301076,1909f56bfc062723c751e8b465ee728b)  -> (artifact id: '53bd7471a5c0071915d38d4cec80dd79') in 0.061290 seconds 
========================================================================
Received Import Request.
  Time since last request: 3.723343 seconds.
  path: Assets/sprites/Damakos/Sprites/Damakos_Adnando_Dir.png
  artifactKey: Guid(837d2b7f72905f54993a20f7e1a52554) Importer(815301076,1909f56bfc062723c751e8b465ee728b)
Start importing Assets/sprites/Damakos/Sprites/Damakos_Adnando_Dir.png using Guid(837d2b7f72905f54993a20f7e1a52554) Importer(815301076,1909f56bfc062723c751e8b465ee728b)  -> (artifact id: 'c40f31a92fe98dd5c7a76e40ac3c5989') in 0.059106 seconds 
========================================================================
Received Import Request.
  Time since last request: 5.143758 seconds.
  path: Assets/sprites/Damakos/Sprites/Damakos_Andando_Costas.png
  artifactKey: Guid(7304ea55e59859c48aa829a90560f896) Importer(815301076,1909f56bfc062723c751e8b465ee728b)
Start importing Assets/sprites/Damakos/Sprites/Damakos_Andando_Costas.png using Guid(7304ea55e59859c48aa829a90560f896) Importer(815301076,1909f56bfc062723c751e8b465ee728b)  -> (artifact id: '544c56b53aafd4d2da849bc4c47a4b35') in 0.046465 seconds 
========================================================================
Received Import Request.
  Time since last request: 14.379793 seconds.
  path: Assets/sprites/Damakos/Sprites/Damakos_Andando_Frente.png
  artifactKey: Guid(3c3ea47c64f5d3c4b83bc8e4e725697d) Importer(815301076,1909f56bfc062723c751e8b465ee728b)
Start importing Assets/sprites/Damakos/Sprites/Damakos_Andando_Frente.png using Guid(3c3ea47c64f5d3c4b83bc8e4e725697d) Importer(815301076,1909f56bfc062723c751e8b465ee728b)  -> (artifact id: '182af861e7f2073cb46d95a79d68b81b') in 0.044183 seconds 
========================================================================
Received Import Request.
  Time since last request: 13.124982 seconds.
  path: Assets/sprites/Damakos/Sprites/Damakos_Andando_Esq.png
  artifactKey: Guid(96a2be3b42535324abf7421fe4569217) Importer(815301076,1909f56bfc062723c751e8b465ee728b)
Start importing Assets/sprites/Damakos/Sprites/Damakos_Andando_Esq.png using Guid(96a2be3b42535324abf7421fe4569217) Importer(815301076,1909f56bfc062723c751e8b465ee728b)  -> (artifact id: '06999f6dca342b47510593e5f5df4673') in 0.048405 seconds 
========================================================================
Received Import Request.
  Time since last request: 5.382292 seconds.
  path: Assets/sprites/Damakos/Sprites/Damakos_Atk_Dir.png
  artifactKey: Guid(942b398aa4749134689d7522b273a884) Importer(815301076,1909f56bfc062723c751e8b465ee728b)
Start importing Assets/sprites/Damakos/Sprites/Damakos_Atk_Dir.png using Guid(942b398aa4749134689d7522b273a884) Importer(815301076,1909f56bfc062723c751e8b465ee728b)  -> (artifact id: 'b1ffd29cc2d6c2aa837b85789f2de6d3') in 0.042010 seconds 
========================================================================
Received Import Request.
  Time since last request: 4.322536 seconds.
  path: Assets/sprites/Damakos/Sprites/Damakos_Atk_Esq.png
  artifactKey: Guid(9d375f1d04967d745bde2952ad68e75b) Importer(815301076,1909f56bfc062723c751e8b465ee728b)
Start importing Assets/sprites/Damakos/Sprites/Damakos_Atk_Esq.png using Guid(9d375f1d04967d745bde2952ad68e75b) Importer(815301076,1909f56bfc062723c751e8b465ee728b)  -> (artifact id: 'ad003f9fc3e977d3e174de7f1eb1b192') in 0.041212 seconds 
========================================================================
Received Import Request.
  Time since last request: 4.610997 seconds.
  path: Assets/sprites/Damakos/Sprites/Damakos_Atk_Frente.png
  artifactKey: Guid(5227ba39b69d15145b0ef1fe550d5e39) Importer(815301076,1909f56bfc062723c751e8b465ee728b)
Start importing Assets/sprites/Damakos/Sprites/Damakos_Atk_Frente.png using Guid(5227ba39b69d15145b0ef1fe550d5e39) Importer(815301076,1909f56bfc062723c751e8b465ee728b)  -> (artifact id: 'b29dcaefa662e3f7de0a122396c6d603') in 0.039089 seconds 
========================================================================
Received Import Request.
  Time since last request: 3.625179 seconds.
  path: Assets/sprites/Damakos/Sprites/Damakos_Atk_Tras.png
  artifactKey: Guid(c56107e6341a5bb47a7dec0657565649) Importer(815301076,1909f56bfc062723c751e8b465ee728b)
Start importing Assets/sprites/Damakos/Sprites/Damakos_Atk_Tras.png using Guid(c56107e6341a5bb47a7dec0657565649) Importer(815301076,1909f56bfc062723c751e8b465ee728b)  -> (artifact id: '0f5bcdaf2b027601ca1392ceab1215a3') in 0.074811 seconds 
========================================================================
Received Import Request.
  Time since last request: 63.076153 seconds.
  path: Assets/sprites/Damakos/Sprites/Damakos_Bebendo.png
  artifactKey: Guid(6cd5bc37f654cfe43b2f933cc7dd15ee) Importer(815301076,1909f56bfc062723c751e8b465ee728b)
Start importing Assets/sprites/Damakos/Sprites/Damakos_Bebendo.png using Guid(6cd5bc37f654cfe43b2f933cc7dd15ee) Importer(815301076,1909f56bfc062723c751e8b465ee728b)  -> (artifact id: '5dbee55b78346d4f691ad22978b0576b') in 0.096010 seconds 
========================================================================
Received Import Request.
  Time since last request: 0.000033 seconds.
  path: Assets/sprites/Damakos/Sprites/Damakos_Cura_Tras.png
  artifactKey: Guid(2517d2d8fb7632646b611a2b96aee073) Importer(815301076,1909f56bfc062723c751e8b465ee728b)
Start importing Assets/sprites/Damakos/Sprites/Damakos_Cura_Tras.png using Guid(2517d2d8fb7632646b611a2b96aee073) Importer(815301076,1909f56bfc062723c751e8b465ee728b)  -> (artifact id: '98ca4a568082a3b0c3f8777850d0c502') in 0.035124 seconds 
========================================================================
Received Import Request.
  Time since last request: 0.000051 seconds.
  path: Assets/sprites/Damakos/Sprites/Damakos_Cura_Dir.png
  artifactKey: Guid(a09c30975cfea4a429e7df0030b7fcd0) Importer(815301076,1909f56bfc062723c751e8b465ee728b)
Start importing Assets/sprites/Damakos/Sprites/Damakos_Cura_Dir.png using Guid(a09c30975cfea4a429e7df0030b7fcd0) Importer(815301076,1909f56bfc062723c751e8b465ee728b)  -> (artifact id: '9c483a89d51c1a0326a93498b7f95107') in 0.039233 seconds 
========================================================================
Received Import Request.
  Time since last request: 0.000044 seconds.
  path: Assets/sprites/Damakos/Sprites/Damakos_Cura_Frente.png
  artifactKey: Guid(1004db27409c31447824ede42d46bbd6) Importer(815301076,1909f56bfc062723c751e8b465ee728b)
Start importing Assets/sprites/Damakos/Sprites/Damakos_Cura_Frente.png using Guid(1004db27409c31447824ede42d46bbd6) Importer(815301076,1909f56bfc062723c751e8b465ee728b)  -> (artifact id: '10663e7867577917daa3d982bec87deb') in 0.025183 seconds 
========================================================================
Received Import Request.
  Time since last request: 0.000028 seconds.
  path: Assets/sprites/Damakos/Sprites/damakos_curando_idle.png
  artifactKey: Guid(0fb6c8508f03801459ef3ca22afe274e) Importer(815301076,1909f56bfc062723c751e8b465ee728b)
Start importing Assets/sprites/Damakos/Sprites/damakos_curando_idle.png using Guid(0fb6c8508f03801459ef3ca22afe274e) Importer(815301076,1909f56bfc062723c751e8b465ee728b)  -> (artifact id: '6598789320941d81bbe8fe7097671bcd') in 0.019951 seconds 
========================================================================
Received Import Request.
  Time since last request: 0.000033 seconds.
  path: Assets/sprites/Damakos/Sprites/Damakos_Special.png
  artifactKey: Guid(9cc6e7ac0e2b9b04a81502de8491172f) Importer(815301076,1909f56bfc062723c751e8b465ee728b)
Start importing Assets/sprites/Damakos/Sprites/Damakos_Special.png using Guid(9cc6e7ac0e2b9b04a81502de8491172f) Importer(815301076,1909f56bfc062723c751e8b465ee728b)  -> (artifact id: 'ecb5cff4ee85211771376ede5635e5ab') in 0.043961 seconds 
========================================================================
Received Import Request.
  Time since last request: 0.000051 seconds.
  path: Assets/sprites/Damakos/Sprites/Damakos_Idle_Costas.png
  artifactKey: Guid(33a213dc1f723b44c9bb8497508afb19) Importer(815301076,1909f56bfc062723c751e8b465ee728b)
Start importing Assets/sprites/Damakos/Sprites/Damakos_Idle_Costas.png using Guid(33a213dc1f723b44c9bb8497508afb19) Importer(815301076,1909f56bfc062723c751e8b465ee728b)  -> (artifact id: '8a792f37a675565984c05234444b207a') in 0.035885 seconds 
========================================================================
Received Import Request.
  Time since last request: 0.000042 seconds.
  path: Assets/sprites/Damakos/Sprites/Damakos_Pot.png
  artifactKey: Guid(761ea1016899dd346b596ca9af4b5769) Importer(815301076,1909f56bfc062723c751e8b465ee728b)
Start importing Assets/sprites/Damakos/Sprites/Damakos_Pot.png using Guid(761ea1016899dd346b596ca9af4b5769) Importer(815301076,1909f56bfc062723c751e8b465ee728b)  -> (artifact id: '2ab4f729c58269b64e68671a019d8def') in 0.066455 seconds 
========================================================================
Received Import Request.
  Time since last request: 0.000034 seconds.
  path: Assets/sprites/Damakos/Sprites/Damakos_Idle_Esq.png
  artifactKey: Guid(2fac1c979a39561418d337d1e9544205) Importer(815301076,1909f56bfc062723c751e8b465ee728b)
Start importing Assets/sprites/Damakos/Sprites/Damakos_Idle_Esq.png using Guid(2fac1c979a39561418d337d1e9544205) Importer(815301076,1909f56bfc062723c751e8b465ee728b)  -> (artifact id: '9a2607e131ee93ad3b03d70ae002b7f8') in 0.065509 seconds 
========================================================================
Received Import Request.
  Time since last request: 0.000033 seconds.
  path: Assets/sprites/Damakos/Sprites/Damakos_Idle_Frente.png
  artifactKey: Guid(fda1cae9781eb4145bccf38dda370ce0) Importer(815301076,1909f56bfc062723c751e8b465ee728b)
Start importing Assets/sprites/Damakos/Sprites/Damakos_Idle_Frente.png using Guid(fda1cae9781eb4145bccf38dda370ce0) Importer(815301076,1909f56bfc062723c751e8b465ee728b)  -> (artifact id: '554e794621a38b3a3aa1948d7d3e7d2d') in 0.060729 seconds 
========================================================================
Received Import Request.
  Time since last request: 0.000033 seconds.
  path: Assets/sprites/Damakos/Sprites/Damakos_Idle_Dir.png
  artifactKey: Guid(2f4517c5e01072b40aee7178259dbd5a) Importer(815301076,1909f56bfc062723c751e8b465ee728b)
Start importing Assets/sprites/Damakos/Sprites/Damakos_Idle_Dir.png using Guid(2f4517c5e01072b40aee7178259dbd5a) Importer(815301076,1909f56bfc062723c751e8b465ee728b)  -> (artifact id: 'c59f53dfcdfb72d7053abd4cd041594c') in 0.039406 seconds 
========================================================================
Received Import Request.
  Time since last request: 0.000044 seconds.
  path: Assets/sprites/Damakos/Sprites/Damakos_Cura_Esq.png
  artifactKey: Guid(c1ca6db710d6e7a4ea6253adf79f75da) Importer(815301076,1909f56bfc062723c751e8b465ee728b)
Start importing Assets/sprites/Damakos/Sprites/Damakos_Cura_Esq.png using Guid(c1ca6db710d6e7a4ea6253adf79f75da) Importer(815301076,1909f56bfc062723c751e8b465ee728b)  -> (artifact id: 'ae58c819f205cace397e431ddbfca79b') in 0.030532 seconds 
========================================================================
Received Import Request.
  Time since last request: 37.807667 seconds.
  path: Assets/sprites/Damakos/Perfil/Damakos_Assustado.png
  artifactKey: Guid(1b50af9c84dff304084d0df830b1d58e) Importer(815301076,1909f56bfc062723c751e8b465ee728b)
Start importing Assets/sprites/Damakos/Perfil/Damakos_Assustado.png using Guid(1b50af9c84dff304084d0df830b1d58e) Importer(815301076,1909f56bfc062723c751e8b465ee728b)  -> (artifact id: 'edaab52ee800613eb94467a71ed021dc') in 0.075948 seconds 
========================================================================
Received Import Request.
  Time since last request: 0.000034 seconds.
  path: Assets/sprites/Damakos/Perfil/Damakos_Bravo_Tilt.png
  artifactKey: Guid(6c87d6f4901016142a7fc5d6927ea3a7) Importer(815301076,1909f56bfc062723c751e8b465ee728b)
Start importing Assets/sprites/Damakos/Perfil/Damakos_Bravo_Tilt.png using Guid(6c87d6f4901016142a7fc5d6927ea3a7) Importer(815301076,1909f56bfc062723c751e8b465ee728b)  -> (artifact id: '97181b74b48086e827859c226ed6ce39') in 0.033616 seconds 
========================================================================
Received Import Request.
  Time since last request: 0.000029 seconds.
  path: Assets/sprites/Damakos/Perfil/Damakos_Bravo.png
  artifactKey: Guid(1d3a69fd2af0b8245b8a87295558c2ab) Importer(815301076,1909f56bfc062723c751e8b465ee728b)
Start importing Assets/sprites/Damakos/Perfil/Damakos_Bravo.png using Guid(1d3a69fd2af0b8245b8a87295558c2ab) Importer(815301076,1909f56bfc062723c751e8b465ee728b)  -> (artifact id: '7020672bd80ee4ccff23483111983958') in 0.049146 seconds 
========================================================================
Received Import Request.
  Time since last request: 0.000052 seconds.
  path: Assets/sprites/Damakos/Perfil/Damakos_neutro.png
  artifactKey: Guid(50cc6a1b67d0edf4b821eba07c2b749e) Importer(815301076,1909f56bfc062723c751e8b465ee728b)
Start importing Assets/sprites/Damakos/Perfil/Damakos_neutro.png using Guid(50cc6a1b67d0edf4b821eba07c2b749e) Importer(815301076,1909f56bfc062723c751e8b465ee728b)  -> (artifact id: '7bb3f4b7f470664c79459b410b96f098') in 0.028447 seconds 
========================================================================
Received Import Request.
  Time since last request: 0.000041 seconds.
  path: Assets/sprites/Damakos/Perfil/Damakos_Assustado_Brilho.png
  artifactKey: Guid(e8ff5c8863eb71c4a8eedd82c5dd6633) Importer(815301076,1909f56bfc062723c751e8b465ee728b)
Start importing Assets/sprites/Damakos/Perfil/Damakos_Assustado_Brilho.png using Guid(e8ff5c8863eb71c4a8eedd82c5dd6633) Importer(815301076,1909f56bfc062723c751e8b465ee728b)  -> (artifact id: '34af0987cae5501930a7cf5075eccdaa') in 0.026211 seconds 
========================================================================
Received Import Request.
  Time since last request: 0.000025 seconds.
  path: Assets/sprites/Damakos/Perfil/Damakos_Confuso.png
  artifactKey: Guid(be75db918476d11449d5f5d700357438) Importer(815301076,1909f56bfc062723c751e8b465ee728b)
Start importing Assets/sprites/Damakos/Perfil/Damakos_Confuso.png using Guid(be75db918476d11449d5f5d700357438) Importer(815301076,1909f56bfc062723c751e8b465ee728b)  -> (artifact id: '51586b929da8db6e4932230021e8ce5a') in 0.036906 seconds 
========================================================================
Received Import Request.
  Time since last request: 0.000023 seconds.
  path: Assets/sprites/Damakos/Perfil/Damakos_Triste_Choro.png
  artifactKey: Guid(292fbab53e2e63c4b85549dd0e7c5a91) Importer(815301076,1909f56bfc062723c751e8b465ee728b)
Start importing Assets/sprites/Damakos/Perfil/Damakos_Triste_Choro.png using Guid(292fbab53e2e63c4b85549dd0e7c5a91) Importer(815301076,1909f56bfc062723c751e8b465ee728b)  -> (artifact id: '32dfb8971110c3581c326292c11dc7a5') in 0.024554 seconds 
========================================================================
Received Import Request.
  Time since last request: 0.000044 seconds.
  path: Assets/sprites/Damakos/Perfil/Damakos_Sério.png
  artifactKey: Guid(7634c525f12f8924eb3277635b60bf44) Importer(815301076,1909f56bfc062723c751e8b465ee728b)
Start importing Assets/sprites/Damakos/Perfil/Damakos_Sério.png using Guid(7634c525f12f8924eb3277635b60bf44) Importer(815301076,1909f56bfc062723c751e8b465ee728b)  -> (artifact id: '8b1175a71922bde90d9ed39eacf0d484') in 0.020891 seconds 
========================================================================
Received Import Request.
  Time since last request: 0.000021 seconds.
  path: Assets/sprites/Damakos/Perfil/Damakos_Triste.png
  artifactKey: Guid(8b977f3c9a0a8c944901e37cfc99dac7) Importer(815301076,1909f56bfc062723c751e8b465ee728b)
Start importing Assets/sprites/Damakos/Perfil/Damakos_Triste.png using Guid(8b977f3c9a0a8c944901e37cfc99dac7) Importer(815301076,1909f56bfc062723c751e8b465ee728b)  -> (artifact id: 'e2b70d2228ab473af6e2ee6a93b273f2') in 0.030351 seconds 
========================================================================
Received Import Request.
  Time since last request: 0.000027 seconds.
  path: Assets/sprites/Damakos/Perfil/Damakos_Feliz.png
  artifactKey: Guid(d15a6701c19b7db4f8f10e002eab3900) Importer(815301076,1909f56bfc062723c751e8b465ee728b)
Start importing Assets/sprites/Damakos/Perfil/Damakos_Feliz.png using Guid(d15a6701c19b7db4f8f10e002eab3900) Importer(815301076,1909f56bfc062723c751e8b465ee728b)  -> (artifact id: 'd96cf87b0fd1a034dc3cc6b88b77e43e') in 0.034885 seconds 
========================================================================
Received Import Request.
  Time since last request: 43.365743 seconds.
  path: Assets/sprites/Figurantes/npcf1.png
  artifactKey: Guid(6d186358d443ba44daf5874435cdff0b) Importer(815301076,1909f56bfc062723c751e8b465ee728b)
Start importing Assets/sprites/Figurantes/npcf1.png using Guid(6d186358d443ba44daf5874435cdff0b) Importer(815301076,1909f56bfc062723c751e8b465ee728b)  -> (artifact id: 'a8e5821628b07bf9490f8d96b08999f7') in 0.096909 seconds 
========================================================================
Received Import Request.
  Time since last request: 0.000036 seconds.
  path: Assets/sprites/Figurantes/npcf2.png
  artifactKey: Guid(c2a1f36464efd8541a4e04a295d4dd18) Importer(815301076,1909f56bfc062723c751e8b465ee728b)
Start importing Assets/sprites/Figurantes/npcf2.png using Guid(c2a1f36464efd8541a4e04a295d4dd18) Importer(815301076,1909f56bfc062723c751e8b465ee728b)  -> (artifact id: 'f45aa2f92d8682a61621ecf89144c64b') in 0.083040 seconds 
========================================================================
Received Import Request.
  Time since last request: 0.000044 seconds.
  path: Assets/sprites/Figurantes/npcf4.png
  artifactKey: Guid(09af638cc1d8eb646b9874b23bae8805) Importer(815301076,1909f56bfc062723c751e8b465ee728b)
Start importing Assets/sprites/Figurantes/npcf4.png using Guid(09af638cc1d8eb646b9874b23bae8805) Importer(815301076,1909f56bfc062723c751e8b465ee728b)  -> (artifact id: '41fe7898efc05f004b7af741f11925bd') in 0.039142 seconds 
========================================================================
Received Import Request.
  Time since last request: 0.000025 seconds.
  path: Assets/sprites/Figurantes/npcl1.png
  artifactKey: Guid(ef57aa6962bb74a41b16ef18306e50f2) Importer(815301076,1909f56bfc062723c751e8b465ee728b)
Start importing Assets/sprites/Figurantes/npcl1.png using Guid(ef57aa6962bb74a41b16ef18306e50f2) Importer(815301076,1909f56bfc062723c751e8b465ee728b)  -> (artifact id: 'e4146ab2e772443aba401b173c1e2a68') in 0.046130 seconds 
========================================================================
Received Import Request.
  Time since last request: 0.000035 seconds.
  path: Assets/sprites/Figurantes/npct2.png
  artifactKey: Guid(08196162a4462a449b7dfdbab39492f9) Importer(815301076,1909f56bfc062723c751e8b465ee728b)
Start importing Assets/sprites/Figurantes/npct2.png using Guid(08196162a4462a449b7dfdbab39492f9) Importer(815301076,1909f56bfc062723c751e8b465ee728b)  -> (artifact id: '8576664085c3f2ae40a2a51c764f946b') in 0.032912 seconds 
========================================================================
Received Import Request.
  Time since last request: 0.000034 seconds.
  path: Assets/sprites/Figurantes/npct1.png
  artifactKey: Guid(78ed1928d2211434c9acc8c19a1d4872) Importer(815301076,1909f56bfc062723c751e8b465ee728b)
Start importing Assets/sprites/Figurantes/npct1.png using Guid(78ed1928d2211434c9acc8c19a1d4872) Importer(815301076,1909f56bfc062723c751e8b465ee728b)  -> (artifact id: '585004cf61c67935ba62450416851d84') in 0.069677 seconds 
========================================================================
Received Import Request.
  Time since last request: 0.000030 seconds.
  path: Assets/sprites/Figurantes/npcf3.png
  artifactKey: Guid(71490f07ba56edb4b80bfac2f6d29429) Importer(815301076,1909f56bfc062723c751e8b465ee728b)
Start importing Assets/sprites/Figurantes/npcf3.png using Guid(71490f07ba56edb4b80bfac2f6d29429) Importer(815301076,1909f56bfc062723c751e8b465ee728b)  -> (artifact id: '15ae78aa5243459f873dba31dddb3e66') in 0.026919 seconds 
========================================================================
Received Import Request.
  Time since last request: 0.000043 seconds.
  path: Assets/sprites/Figurantes/npcf6.png
  artifactKey: Guid(e06d78011c042834684264b482fa51da) Importer(815301076,1909f56bfc062723c751e8b465ee728b)
Start importing Assets/sprites/Figurantes/npcf6.png using Guid(e06d78011c042834684264b482fa51da) Importer(815301076,1909f56bfc062723c751e8b465ee728b)  -> (artifact id: '31499e4a1d6a9f117cd076f08419c854') in 0.033205 seconds 
========================================================================
Received Import Request.
  Time since last request: 0.000030 seconds.
  path: Assets/sprites/Figurantes/npcl2.png
  artifactKey: Guid(5579792f7c43e8a43be8a87759c3ad8a) Importer(815301076,1909f56bfc062723c751e8b465ee728b)
Start importing Assets/sprites/Figurantes/npcl2.png using Guid(5579792f7c43e8a43be8a87759c3ad8a) Importer(815301076,1909f56bfc062723c751e8b465ee728b)  -> (artifact id: 'ecef200549b0f5398ad45d3a98b82e7d') in 0.053622 seconds 
========================================================================
Received Import Request.
  Time since last request: 0.000057 seconds.
  path: Assets/sprites/Figurantes/npcl3.png
  artifactKey: Guid(8d6265f1096f8c94493ba87e1b75be08) Importer(815301076,1909f56bfc062723c751e8b465ee728b)
Start importing Assets/sprites/Figurantes/npcl3.png using Guid(8d6265f1096f8c94493ba87e1b75be08) Importer(815301076,1909f56bfc062723c751e8b465ee728b)  -> (artifact id: 'c803e268520d6ea6fb6792416a5526a6') in 0.036131 seconds 
========================================================================
Received Import Request.
  Time since last request: 0.000042 seconds.
  path: Assets/sprites/Figurantes/npcf5.png
  artifactKey: Guid(982a1ceaa2e642142b92db73a52b4ab3) Importer(815301076,1909f56bfc062723c751e8b465ee728b)
Start importing Assets/sprites/Figurantes/npcf5.png using Guid(982a1ceaa2e642142b92db73a52b4ab3) Importer(815301076,1909f56bfc062723c751e8b465ee728b)  -> (artifact id: 'a4ef27a955bb3696ed47fad008d9dd1e') in 0.058439 seconds 
========================================================================
Received Import Request.
  Time since last request: 0.000052 seconds.
  path: Assets/sprites/Figurantes/npct3.png
  artifactKey: Guid(7efc2e0db3cb5e2489fa5f658afbc4c2) Importer(815301076,1909f56bfc062723c751e8b465ee728b)
Start importing Assets/sprites/Figurantes/npct3.png using Guid(7efc2e0db3cb5e2489fa5f658afbc4c2) Importer(815301076,1909f56bfc062723c751e8b465ee728b)  -> (artifact id: '0acc2ee5ab19e264001219aca282ac2f') in 0.045852 seconds 
========================================================================
Received Import Request.
  Time since last request: 69.769410 seconds.
  path: Assets/sprites/Hawa/Perfil/Hawa_Brava.png
  artifactKey: Guid(cb173669b10a6724b9b686f689ce07a0) Importer(815301076,1909f56bfc062723c751e8b465ee728b)
Start importing Assets/sprites/Hawa/Perfil/Hawa_Brava.png using Guid(cb173669b10a6724b9b686f689ce07a0) Importer(815301076,1909f56bfc062723c751e8b465ee728b)  -> (artifact id: '1256ad23fd57c61938b0a236e4e9de0e') in 0.053551 seconds 
========================================================================
Received Import Request.
  Time since last request: 0.000064 seconds.
  path: Assets/sprites/Hawa/Perfil/Hawa_Neutra.png
  artifactKey: Guid(5a3a0685bf575cf44b5b1e714da44995) Importer(815301076,1909f56bfc062723c751e8b465ee728b)
Start importing Assets/sprites/Hawa/Perfil/Hawa_Neutra.png using Guid(5a3a0685bf575cf44b5b1e714da44995) Importer(815301076,1909f56bfc062723c751e8b465ee728b)  -> (artifact id: '5d73681683c6ed60afce6b240a22e345') in 0.030718 seconds 
========================================================================
Received Import Request.
  Time since last request: 0.000031 seconds.
  path: Assets/sprites/Hawa/Perfil/Hawa_Séria.png
  artifactKey: Guid(05cf1520cc25fc940afec80d3594b89a) Importer(815301076,1909f56bfc062723c751e8b465ee728b)
Start importing Assets/sprites/Hawa/Perfil/Hawa_Séria.png using Guid(05cf1520cc25fc940afec80d3594b89a) Importer(815301076,1909f56bfc062723c751e8b465ee728b)  -> (artifact id: '6aab91d52c1bed17521fad438b78cf18') in 0.063013 seconds 
========================================================================
Received Import Request.
  Time since last request: 0.000146 seconds.
  path: Assets/sprites/Hawa/Perfil/Hawa_Confusa.png
  artifactKey: Guid(6369eea4be90f904193067df0d25acee) Importer(815301076,1909f56bfc062723c751e8b465ee728b)
Start importing Assets/sprites/Hawa/Perfil/Hawa_Confusa.png using Guid(6369eea4be90f904193067df0d25acee) Importer(815301076,1909f56bfc062723c751e8b465ee728b)  -> (artifact id: 'ee3ed8c94605a03723ab046ed1b4ae6f') in 0.026765 seconds 
========================================================================
Received Import Request.
  Time since last request: 0.000023 seconds.
  path: Assets/sprites/Hawa/Perfil/Hawa_Triste.png
  artifactKey: Guid(ebf9028a652f43c439a3bfb3c3d41e9b) Importer(815301076,1909f56bfc062723c751e8b465ee728b)
Start importing Assets/sprites/Hawa/Perfil/Hawa_Triste.png using Guid(ebf9028a652f43c439a3bfb3c3d41e9b) Importer(815301076,1909f56bfc062723c751e8b465ee728b)  -> (artifact id: '401ecffb7bd0044e033269e84e47368f') in 0.025798 seconds 
========================================================================
Received Import Request.
  Time since last request: 0.000316 seconds.
  path: Assets/sprites/Hawa/Perfil/Hawa_Brava_Fogo.png
  artifactKey: Guid(db2d4a07bb315654a87cf02ef706da8c) Importer(815301076,1909f56bfc062723c751e8b465ee728b)
Start importing Assets/sprites/Hawa/Perfil/Hawa_Brava_Fogo.png using Guid(db2d4a07bb315654a87cf02ef706da8c) Importer(815301076,1909f56bfc062723c751e8b465ee728b)  -> (artifact id: '06f90cf9855cd20f89e13ebc506892ab') in 0.070229 seconds 
========================================================================
Received Import Request.
  Time since last request: 0.000094 seconds.
  path: Assets/sprites/Hawa/Perfil/Hawa_Decepcionada.png
  artifactKey: Guid(4f1c1aa38aa811446ad5941e921c0de2) Importer(815301076,1909f56bfc062723c751e8b465ee728b)
Start importing Assets/sprites/Hawa/Perfil/Hawa_Decepcionada.png using Guid(4f1c1aa38aa811446ad5941e921c0de2) Importer(815301076,1909f56bfc062723c751e8b465ee728b)  -> (artifact id: '8cf7de4c2ae2dedb1dabc21fe1982542') in 0.061637 seconds 
========================================================================
Received Import Request.
  Time since last request: 0.000126 seconds.
  path: Assets/sprites/Hawa/Perfil/Hawa_Esperta.png
  artifactKey: Guid(0c9b36faf587e3c4da0e49944f85c8f2) Importer(815301076,1909f56bfc062723c751e8b465ee728b)
Start importing Assets/sprites/Hawa/Perfil/Hawa_Esperta.png using Guid(0c9b36faf587e3c4da0e49944f85c8f2) Importer(815301076,1909f56bfc062723c751e8b465ee728b)  -> (artifact id: 'cd4a58fd2f7b31a02cc5d3db0efb121b') in 0.052266 seconds 
========================================================================
Received Import Request.
  Time since last request: 0.000043 seconds.
  path: Assets/sprites/Hawa/Perfil/Hawa_Rindo.png
  artifactKey: Guid(29efdeec298301c4196fc4fcf6eeb110) Importer(815301076,1909f56bfc062723c751e8b465ee728b)
Start importing Assets/sprites/Hawa/Perfil/Hawa_Rindo.png using Guid(29efdeec298301c4196fc4fcf6eeb110) Importer(815301076,1909f56bfc062723c751e8b465ee728b)  -> (artifact id: '1aad0b2be01ab603bf8512fe3aa88090') in 0.046641 seconds 
========================================================================
Received Import Request.
  Time since last request: 0.000034 seconds.
  path: Assets/sprites/Hawa/Perfil/Hawa_Triste_Chorando.png
  artifactKey: Guid(13c99ffc524fcae4788c3f41df99deff) Importer(815301076,1909f56bfc062723c751e8b465ee728b)
Start importing Assets/sprites/Hawa/Perfil/Hawa_Triste_Chorando.png using Guid(13c99ffc524fcae4788c3f41df99deff) Importer(815301076,1909f56bfc062723c751e8b465ee728b)  -> (artifact id: '72ceb95cd83bfe4830ccea79fb30021f') in 0.037285 seconds 
========================================================================
Received Import Request.
  Time since last request: 0.000070 seconds.
  path: Assets/sprites/Hawa/Perfil/Hawa_Feliz.png
  artifactKey: Guid(08d2fb4afd858bd4794588a10bfd3d5d) Importer(815301076,1909f56bfc062723c751e8b465ee728b)
Start importing Assets/sprites/Hawa/Perfil/Hawa_Feliz.png using Guid(08d2fb4afd858bd4794588a10bfd3d5d) Importer(815301076,1909f56bfc062723c751e8b465ee728b)  -> (artifact id: '5764ef50cb742849e32984d246b94a68') in 0.037728 seconds 
========================================================================
Received Import Request.
  Time since last request: 15.645824 seconds.
  path: Assets/sprites/Hawa/Sprites/Hawa_acenando.png
  artifactKey: Guid(17678fcea9966424485e8394a14ec19e) Importer(815301076,1909f56bfc062723c751e8b465ee728b)
Start importing Assets/sprites/Hawa/Sprites/Hawa_acenando.png using Guid(17678fcea9966424485e8394a14ec19e) Importer(815301076,1909f56bfc062723c751e8b465ee728b)  -> (artifact id: 'ce0d836ca2caad46ae61ca7fe13d3391') in 0.045521 seconds 
========================================================================
Received Import Request.
  Time since last request: 0.000050 seconds.
  path: Assets/sprites/Hawa/Sprites/Hawa_idle.png
  artifactKey: Guid(c3e7b50b7881b1945893b81be484a912) Importer(815301076,1909f56bfc062723c751e8b465ee728b)
Start importing Assets/sprites/Hawa/Sprites/Hawa_idle.png using Guid(c3e7b50b7881b1945893b81be484a912) Importer(815301076,1909f56bfc062723c751e8b465ee728b)  -> (artifact id: '6d4c200fc5ab07150d1c80cf4856c5b2') in 0.024481 seconds 
========================================================================
Received Import Request.
  Time since last request: 0.000035 seconds.
  path: Assets/sprites/Hawa/Sprites/Hawa_Andando_Lado.png
  artifactKey: Guid(0ce40b2f90fb9b44db4e5d4161d08a3d) Importer(815301076,1909f56bfc062723c751e8b465ee728b)
Start importing Assets/sprites/Hawa/Sprites/Hawa_Andando_Lado.png using Guid(0ce40b2f90fb9b44db4e5d4161d08a3d) Importer(815301076,1909f56bfc062723c751e8b465ee728b)  -> (artifact id: '99e44402121330dfbf50677c9dca3a1b') in 0.023893 seconds 
========================================================================
Received Import Request.
  Time since last request: 0.000037 seconds.
  path: Assets/sprites/Hawa/Sprites/Hawa_Andando_Esq.png
  artifactKey: Guid(104c51e8d60d9624287f50db351a057e) Importer(815301076,1909f56bfc062723c751e8b465ee728b)
Start importing Assets/sprites/Hawa/Sprites/Hawa_Andando_Esq.png using Guid(104c51e8d60d9624287f50db351a057e) Importer(815301076,1909f56bfc062723c751e8b465ee728b)  -> (artifact id: 'd8ed7420f21e42962f4747f58962ea22') in 0.043125 seconds 
========================================================================
Received Import Request.
  Time since last request: 0.000036 seconds.
  path: Assets/sprites/Hawa/Sprites/Hawa_Andando.png
  artifactKey: Guid(91a4efad29ba76e448f44ee7b6b4e2d3) Importer(815301076,1909f56bfc062723c751e8b465ee728b)
Start importing Assets/sprites/Hawa/Sprites/Hawa_Andando.png using Guid(91a4efad29ba76e448f44ee7b6b4e2d3) Importer(815301076,1909f56bfc062723c751e8b465ee728b)  -> (artifact id: '5df975f87649142b9b91081cefac7571') in 0.022207 seconds 
========================================================================
Received Import Request.
  Time since last request: 44.386687 seconds.
  path: Assets/sprites/Joacquin/Perfil/Joaquim_Bravo.png
  artifactKey: Guid(692325be1d2d5064ab6590adcf22e812) Importer(815301076,1909f56bfc062723c751e8b465ee728b)
Start importing Assets/sprites/Joacquin/Perfil/Joaquim_Bravo.png using Guid(692325be1d2d5064ab6590adcf22e812) Importer(815301076,1909f56bfc062723c751e8b465ee728b)  -> (artifact id: '9f10422a2fe0f7e3a24567b317bb3e3d') in 0.056225 seconds 
========================================================================
Received Import Request.
  Time since last request: 0.000113 seconds.
  path: Assets/sprites/Joacquin/Perfil/Joaquim_Sério.png
  artifactKey: Guid(e64447696cc24b749ae817e2af336d09) Importer(815301076,1909f56bfc062723c751e8b465ee728b)
Start importing Assets/sprites/Joacquin/Perfil/Joaquim_Sério.png using Guid(e64447696cc24b749ae817e2af336d09) Importer(815301076,1909f56bfc062723c751e8b465ee728b)  -> (artifact id: 'f1b722a4ad27eef81942a739ffb45bb0') in 0.034482 seconds 
========================================================================
Received Import Request.
  Time since last request: 0.000054 seconds.
  path: Assets/sprites/Joacquin/Perfil/Joaquim_Rindo.png
  artifactKey: Guid(0d5737b1df29cae4488946aed28e3683) Importer(815301076,1909f56bfc062723c751e8b465ee728b)
Start importing Assets/sprites/Joacquin/Perfil/Joaquim_Rindo.png using Guid(0d5737b1df29cae4488946aed28e3683) Importer(815301076,1909f56bfc062723c751e8b465ee728b)  -> (artifact id: 'f4f1bd5b9a670488d84f6dfe9b696e25') in 0.034619 seconds 
========================================================================
Received Import Request.
  Time since last request: 0.000035 seconds.
  path: Assets/sprites/Joacquin/Perfil/Joaquim_Bravo_Tilt.png
  artifactKey: Guid(efadc37ca5e8cdc4b96c8cb3db673795) Importer(815301076,1909f56bfc062723c751e8b465ee728b)
Start importing Assets/sprites/Joacquin/Perfil/Joaquim_Bravo_Tilt.png using Guid(efadc37ca5e8cdc4b96c8cb3db673795) Importer(815301076,1909f56bfc062723c751e8b465ee728b)  -> (artifact id: '1ee3dee697f8ce76d26cf56ded82f1c2') in 0.040555 seconds 
========================================================================
Received Import Request.
  Time since last request: 0.000028 seconds.
  path: Assets/sprites/Joacquin/Perfil/Joaquim_Confuso.png
  artifactKey: Guid(898bd64d284753b478fc051ca5b26b70) Importer(815301076,1909f56bfc062723c751e8b465ee728b)
Start importing Assets/sprites/Joacquin/Perfil/Joaquim_Confuso.png using Guid(898bd64d284753b478fc051ca5b26b70) Importer(815301076,1909f56bfc062723c751e8b465ee728b)  -> (artifact id: '684efbc94fc7ca42f58579b0bb13e29b') in 0.032164 seconds 
========================================================================
Received Import Request.
  Time since last request: 17.213905 seconds.
  path: Assets/sprites/Joacquin/Sprites/jacquin_atirando_big_fireball.png
  artifactKey: Guid(b3bcb0f9d03e7664ab8d912180bf6760) Importer(815301076,1909f56bfc062723c751e8b465ee728b)
Start importing Assets/sprites/Joacquin/Sprites/jacquin_atirando_big_fireball.png using Guid(b3bcb0f9d03e7664ab8d912180bf6760) Importer(815301076,1909f56bfc062723c751e8b465ee728b)  -> (artifact id: '00070df52233a91d6b4a922b565c2f85') in 0.055270 seconds 
========================================================================
Received Import Request.
  Time since last request: 0.000036 seconds.
  path: Assets/sprites/Joacquin/Sprites/joacquin_curando.png
  artifactKey: Guid(ffe4aa4dee234794c86e624e2a59d5e2) Importer(815301076,1909f56bfc062723c751e8b465ee728b)
Start importing Assets/sprites/Joacquin/Sprites/joacquin_curando.png using Guid(ffe4aa4dee234794c86e624e2a59d5e2) Importer(815301076,1909f56bfc062723c751e8b465ee728b)  -> (artifact id: 'e56078f7bbd05d41ab410055bef75bc9') in 0.058638 seconds 
========================================================================
Received Import Request.
  Time since last request: 0.000040 seconds.
  path: Assets/sprites/Joacquin/Sprites/joacquin_big_fireball.png
  artifactKey: Guid(ba5fae9d376fd5440926b2f25a7a214c) Importer(815301076,1909f56bfc062723c751e8b465ee728b)
Start importing Assets/sprites/Joacquin/Sprites/joacquin_big_fireball.png using Guid(ba5fae9d376fd5440926b2f25a7a214c) Importer(815301076,1909f56bfc062723c751e8b465ee728b)  -> (artifact id: '56e7bc1d792de463ab3caf287a7beb15') in 0.029835 seconds 
========================================================================
Received Import Request.
  Time since last request: 0.000037 seconds.
  path: Assets/sprites/Joacquin/Sprites/joacquin_idle_semvassoura.png
  artifactKey: Guid(bfb0591153c282f4ca2359217a0b81a2) Importer(815301076,1909f56bfc062723c751e8b465ee728b)
Start importing Assets/sprites/Joacquin/Sprites/joacquin_idle_semvassoura.png using Guid(bfb0591153c282f4ca2359217a0b81a2) Importer(815301076,1909f56bfc062723c751e8b465ee728b)  -> (artifact id: '2b382d475681fa7cf080c3b138202533') in 0.052796 seconds 
========================================================================
Received Import Request.
  Time since last request: 0.000037 seconds.
  path: Assets/sprites/Joacquin/Sprites/joacquin_idle.png
  artifactKey: Guid(c907ef03d1eb90248a31c93f0566bd55) Importer(815301076,1909f56bfc062723c751e8b465ee728b)
Start importing Assets/sprites/Joacquin/Sprites/joacquin_idle.png using Guid(c907ef03d1eb90248a31c93f0566bd55) Importer(815301076,1909f56bfc062723c751e8b465ee728b)  -> (artifact id: '77b8e60fd9995536371915c8d15ddffd') in 0.026665 seconds 
========================================================================
Received Import Request.
  Time since last request: 0.000056 seconds.
  path: Assets/sprites/Joacquin/Sprites/joacquin_guardando_vassoura.png
  artifactKey: Guid(964af86cd6310e34b8916d50d85cea5c) Importer(815301076,1909f56bfc062723c751e8b465ee728b)
Start importing Assets/sprites/Joacquin/Sprites/joacquin_guardando_vassoura.png using Guid(964af86cd6310e34b8916d50d85cea5c) Importer(815301076,1909f56bfc062723c751e8b465ee728b)  -> (artifact id: 'cf7bbd89bbeb7a80188bdcf6d5c39e4d') in 0.023744 seconds 
========================================================================
Received Import Request.
  Time since last request: 0.000044 seconds.
  path: Assets/sprites/Joacquin/Sprites/joacquin_varrendo.png
  artifactKey: Guid(f5b431c93ea1932418853ef1b478cc45) Importer(815301076,1909f56bfc062723c751e8b465ee728b)
Start importing Assets/sprites/Joacquin/Sprites/joacquin_varrendo.png using Guid(f5b431c93ea1932418853ef1b478cc45) Importer(815301076,1909f56bfc062723c751e8b465ee728b)  -> (artifact id: '491a957094e51f16e7984b0d8a18bdf2') in 0.051006 seconds 
========================================================================
Received Import Request.
  Time since last request: 0.000046 seconds.
  path: Assets/sprites/Joacquin/Sprites/joacquin_atirando_fireball.png
  artifactKey: Guid(6aa17483eedec3d44a7dd406f388e360) Importer(815301076,1909f56bfc062723c751e8b465ee728b)
Start importing Assets/sprites/Joacquin/Sprites/joacquin_atirando_fireball.png using Guid(6aa17483eedec3d44a7dd406f388e360) Importer(815301076,1909f56bfc062723c751e8b465ee728b)  -> (artifact id: '00fe1a819ee14e910d63b888a97fe84b') in 0.039830 seconds 
========================================================================
Received Import Request.
  Time since last request: 0.000107 seconds.
  path: Assets/sprites/Joacquin/Sprites/joacquin_curando_idle.png
  artifactKey: Guid(e3905c953b863ee4b8326a342a91fbf5) Importer(815301076,1909f56bfc062723c751e8b465ee728b)
Start importing Assets/sprites/Joacquin/Sprites/joacquin_curando_idle.png using Guid(e3905c953b863ee4b8326a342a91fbf5) Importer(815301076,1909f56bfc062723c751e8b465ee728b)  -> (artifact id: '5e48dfadd4be5f4286a0245a04a3d911') in 0.135390 seconds 
========================================================================
Received Import Request.
  Time since last request: 0.000040 seconds.
  path: Assets/sprites/Joacquin/Sprites/joacquin_fireball.png
  artifactKey: Guid(8b75621c63dd1a84999f00ddda75146e) Importer(815301076,1909f56bfc062723c751e8b465ee728b)
Start importing Assets/sprites/Joacquin/Sprites/joacquin_fireball.png using Guid(8b75621c63dd1a84999f00ddda75146e) Importer(815301076,1909f56bfc062723c751e8b465ee728b)  -> (artifact id: '6d416a49e2072d9d46c7f3572534622d') in 0.048385 seconds 
========================================================================
Received Import Request.
  Time since last request: 58.076603 seconds.
  path: Assets/sprites/Not/Perfil/Not_Bravo.png
  artifactKey: Guid(e5bc581f25d301247ad3235a87eb0edb) Importer(815301076,1909f56bfc062723c751e8b465ee728b)
Start importing Assets/sprites/Not/Perfil/Not_Bravo.png using Guid(e5bc581f25d301247ad3235a87eb0edb) Importer(815301076,1909f56bfc062723c751e8b465ee728b)  -> (artifact id: 'bea88e82b6451503342a4dbaf634cf5f') in 0.052530 seconds 
========================================================================
Received Import Request.
  Time since last request: 0.000037 seconds.
  path: Assets/sprites/Not/Perfil/Not_perfil_1.png
  artifactKey: Guid(f30085794df851b428d9bd2249092c48) Importer(815301076,1909f56bfc062723c751e8b465ee728b)
Start importing Assets/sprites/Not/Perfil/Not_perfil_1.png using Guid(f30085794df851b428d9bd2249092c48) Importer(815301076,1909f56bfc062723c751e8b465ee728b)  -> (artifact id: 'b55accba7b700b543a3360042a057b27') in 0.028883 seconds 
========================================================================
Received Import Request.
  Time since last request: 0.000031 seconds.
  path: Assets/sprites/Not/Perfil/Not_Triste.png
  artifactKey: Guid(e3d2273cf0f18854f83e3519af343939) Importer(815301076,1909f56bfc062723c751e8b465ee728b)
Start importing Assets/sprites/Not/Perfil/Not_Triste.png using Guid(e3d2273cf0f18854f83e3519af343939) Importer(815301076,1909f56bfc062723c751e8b465ee728b)  -> (artifact id: '3422b259dffa876c06b161ff038f7248') in 0.160747 seconds 
========================================================================
Received Import Request.
  Time since last request: 0.000096 seconds.
  path: Assets/sprites/Not/Perfil/Not_perfil_2.png
  artifactKey: Guid(194d7bf800b412f4690a59049bc01dc5) Importer(815301076,1909f56bfc062723c751e8b465ee728b)
Start importing Assets/sprites/Not/Perfil/Not_perfil_2.png using Guid(194d7bf800b412f4690a59049bc01dc5) Importer(815301076,1909f56bfc062723c751e8b465ee728b)  -> (artifact id: 'aea98fca1a938d2fa83b5bc414a7d397') in 0.019817 seconds 
========================================================================
Received Import Request.
  Time since last request: 0.000060 seconds.
  path: Assets/sprites/Not/Perfil/Not_Sério.png
  artifactKey: Guid(c63c6e7c34c2e7b4c8df1a992f9d444d) Importer(815301076,1909f56bfc062723c751e8b465ee728b)
Start importing Assets/sprites/Not/Perfil/Not_Sério.png using Guid(c63c6e7c34c2e7b4c8df1a992f9d444d) Importer(815301076,1909f56bfc062723c751e8b465ee728b)  -> (artifact id: 'eb99a8d6dc76d3fc55a1022f17b38a3c') in 0.058822 seconds 
========================================================================
Received Import Request.
  Time since last request: 0.000032 seconds.
  path: Assets/sprites/Not/Perfil/Not_Neutro.png
  artifactKey: Guid(2f04625c31637664a99f3ec1468c6bbb) Importer(815301076,1909f56bfc062723c751e8b465ee728b)
Start importing Assets/sprites/Not/Perfil/Not_Neutro.png using Guid(2f04625c31637664a99f3ec1468c6bbb) Importer(815301076,1909f56bfc062723c751e8b465ee728b)  -> (artifact id: 'f1ea36da2a8359ed502ab6648d500d8f') in 0.058866 seconds 
========================================================================
Received Import Request.
  Time since last request: 15.068875 seconds.
  path: Assets/sprites/Not/Sprites/Not_costas.png
  artifactKey: Guid(637c04848ba6d6645a4952307ded9498) Importer(815301076,1909f56bfc062723c751e8b465ee728b)
Start importing Assets/sprites/Not/Sprites/Not_costas.png using Guid(637c04848ba6d6645a4952307ded9498) Importer(815301076,1909f56bfc062723c751e8b465ee728b)  -> (artifact id: '7ad035b1e63a98d8d8b0282504748ad6') in 0.048999 seconds 
========================================================================
Received Import Request.
  Time since last request: 0.000035 seconds.
  path: Assets/sprites/Not/Sprites/Not_direita.png
  artifactKey: Guid(4ebfe7be3c07d51448a73677bd28ae3d) Importer(815301076,1909f56bfc062723c751e8b465ee728b)
Start importing Assets/sprites/Not/Sprites/Not_direita.png using Guid(4ebfe7be3c07d51448a73677bd28ae3d) Importer(815301076,1909f56bfc062723c751e8b465ee728b)  -> (artifact id: '9f16bad505a92a167d0919e37ed3c00b') in 0.035688 seconds 
========================================================================
Received Import Request.
  Time since last request: 0.000019 seconds.
  path: Assets/sprites/Not/Sprites/Not_esquerda.png
  artifactKey: Guid(02930c75840f70d4cb3b7ea0c880941f) Importer(815301076,1909f56bfc062723c751e8b465ee728b)
Start importing Assets/sprites/Not/Sprites/Not_esquerda.png using Guid(02930c75840f70d4cb3b7ea0c880941f) Importer(815301076,1909f56bfc062723c751e8b465ee728b)  -> (artifact id: '6e4b4fed87496e18355dd69a60f3bd61') in 0.021386 seconds 
========================================================================
Received Import Request.
  Time since last request: 0.000046 seconds.
  path: Assets/sprites/Not/Sprites/Not_Idle.png
  artifactKey: Guid(20937447a74ea7b43bb69869b0d2099b) Importer(815301076,1909f56bfc062723c751e8b465ee728b)
Start importing Assets/sprites/Not/Sprites/Not_Idle.png using Guid(20937447a74ea7b43bb69869b0d2099b) Importer(815301076,1909f56bfc062723c751e8b465ee728b)  -> (artifact id: '1829580a60bb78f219f1fdd3af186d0f') in 0.023364 seconds 
========================================================================
Received Import Request.
  Time since last request: 0.000034 seconds.
  path: Assets/sprites/Not/Sprites/Not_frente.png
  artifactKey: Guid(d52e913859adf414fbc9e3ac7979b00f) Importer(815301076,1909f56bfc062723c751e8b465ee728b)
Start importing Assets/sprites/Not/Sprites/Not_frente.png using Guid(d52e913859adf414fbc9e3ac7979b00f) Importer(815301076,1909f56bfc062723c751e8b465ee728b)  -> (artifact id: '882e1b744e686bc199ff4940ac1e7555') in 0.060821 seconds 
========================================================================
Received Import Request.
  Time since last request: 47.579398 seconds.
  path: Assets/sprites/Cenários/arena.png
  artifactKey: Guid(dcf13b8aa7ad91d4682e89cf8e960775) Importer(815301076,1909f56bfc062723c751e8b465ee728b)
Start importing Assets/sprites/Cenários/arena.png using Guid(dcf13b8aa7ad91d4682e89cf8e960775) Importer(815301076,1909f56bfc062723c751e8b465ee728b)  -> (artifact id: 'f4b395e8c4308b194de56862dde94c68') in 0.107422 seconds 
========================================================================
Received Import Request.
  Time since last request: 0.000032 seconds.
  path: Assets/sprites/Cenários/Cenário_corredor.png
  artifactKey: Guid(4fe7f533afdb578448fd49ac2abe28e7) Importer(815301076,1909f56bfc062723c751e8b465ee728b)
Start importing Assets/sprites/Cenários/Cenário_corredor.png using Guid(4fe7f533afdb578448fd49ac2abe28e7) Importer(815301076,1909f56bfc062723c751e8b465ee728b)  -> (artifact id: 'b9c1f0196ddf2a5ea9508126fa042f1b') in 0.212794 seconds 
========================================================================
Received Import Request.
  Time since last request: 0.000039 seconds.
  path: Assets/sprites/Cenários/logo.png
  artifactKey: Guid(023033683c1052a438a71e657cd62c6e) Importer(815301076,1909f56bfc062723c751e8b465ee728b)
Start importing Assets/sprites/Cenários/logo.png using Guid(023033683c1052a438a71e657cd62c6e) Importer(815301076,1909f56bfc062723c751e8b465ee728b)  -> (artifact id: 'b657d6b89aa487cdeef78eb00670a8c3') in 0.039261 seconds 
========================================================================
Received Import Request.
  Time since last request: 0.000022 seconds.
  path: Assets/sprites/Cenários/menu background.png
  artifactKey: Guid(4e479d3a4a582b149ac07e7435b3b6ad) Importer(815301076,1909f56bfc062723c751e8b465ee728b)
Start importing Assets/sprites/Cenários/menu background.png using Guid(4e479d3a4a582b149ac07e7435b3b6ad) Importer(815301076,1909f56bfc062723c751e8b465ee728b)  -> (artifact id: '6515a106cd0a26aa6b6eb92a123b5a16') in 0.127711 seconds 
========================================================================
Received Import Request.
  Time since last request: 0.000033 seconds.
  path: Assets/sprites/Cenários/Cenário_gramado.png
  artifactKey: Guid(3355e30e685514f45870dcbac87429a3) Importer(815301076,1909f56bfc062723c751e8b465ee728b)
Start importing Assets/sprites/Cenários/Cenário_gramado.png using Guid(3355e30e685514f45870dcbac87429a3) Importer(815301076,1909f56bfc062723c751e8b465ee728b)  -> (artifact id: 'adba361986b9942bd5526ad2e026d394') in 0.214511 seconds 
========================================================================
Received Import Request.
  Time since last request: 0.000030 seconds.
  path: Assets/sprites/Cenários/dummy.png
  artifactKey: Guid(e058b2e4c2c8c3144922ae3a74fd3eb6) Importer(815301076,1909f56bfc062723c751e8b465ee728b)
Start importing Assets/sprites/Cenários/dummy.png using Guid(e058b2e4c2c8c3144922ae3a74fd3eb6) Importer(815301076,1909f56bfc062723c751e8b465ee728b)  -> (artifact id: 'c7937b471d90962fbbe08eebdba5682f') in 0.033801 seconds 
========================================================================
Received Import Request.
  Time since last request: 54.260738 seconds.
  path: Assets/sprites/Spells/Fireball/fireball_baixo.png
  artifactKey: Guid(64d6e0ddd06bb174e9311e56f7a7e877) Importer(815301076,1909f56bfc062723c751e8b465ee728b)
Start importing Assets/sprites/Spells/Fireball/fireball_baixo.png using Guid(64d6e0ddd06bb174e9311e56f7a7e877) Importer(815301076,1909f56bfc062723c751e8b465ee728b)  -> (artifact id: 'ca5691b9a6bbb474dc4fb6c56b51e720') in 0.056504 seconds 
========================================================================
Received Import Request.
  Time since last request: 0.000037 seconds.
  path: Assets/sprites/Spells/Fireball/fireball_esq.png
  artifactKey: Guid(1b7491ce3dba8514a89586131f57f546) Importer(815301076,1909f56bfc062723c751e8b465ee728b)
Start importing Assets/sprites/Spells/Fireball/fireball_esq.png using Guid(1b7491ce3dba8514a89586131f57f546) Importer(815301076,1909f56bfc062723c751e8b465ee728b)  -> (artifact id: 'dfea67358ff379c888ecabaf1c50bdfa') in 0.026562 seconds 
========================================================================
Received Import Request.
  Time since last request: 0.000053 seconds.
  path: Assets/sprites/Spells/Fireball/fireball_dir.png
  artifactKey: Guid(02638848d7bce5a4cab71dd76625186f) Importer(815301076,1909f56bfc062723c751e8b465ee728b)
Start importing Assets/sprites/Spells/Fireball/fireball_dir.png using Guid(02638848d7bce5a4cab71dd76625186f) Importer(815301076,1909f56bfc062723c751e8b465ee728b)  -> (artifact id: 'a3c4043667831c194601107bb0b0b7c0') in 0.031017 seconds 
========================================================================
Received Import Request.
  Time since last request: 0.000038 seconds.
  path: Assets/sprites/Spells/Fireball/fireball_cima.png
  artifactKey: Guid(d64c6053751aee5428980b9c80e7c51d) Importer(815301076,1909f56bfc062723c751e8b465ee728b)
Start importing Assets/sprites/Spells/Fireball/fireball_cima.png using Guid(d64c6053751aee5428980b9c80e7c51d) Importer(815301076,1909f56bfc062723c751e8b465ee728b)  -> (artifact id: '7facfd56318913afd3752e7a73e830ce') in 0.036906 seconds 
========================================================================
Received Import Request.
  Time since last request: 29.211480 seconds.
  path: Assets/sprites/Spells/Big_Fireball/big_fireball_baixo.png
  artifactKey: Guid(5476b6992f899d34b9e8521b0895ab73) Importer(815301076,1909f56bfc062723c751e8b465ee728b)
Start importing Assets/sprites/Spells/Big_Fireball/big_fireball_baixo.png using Guid(5476b6992f899d34b9e8521b0895ab73) Importer(815301076,1909f56bfc062723c751e8b465ee728b)  -> (artifact id: 'cc73df2deaba7963f738fc4a053ac709') in 0.046730 seconds 
========================================================================
Received Import Request.
  Time since last request: 0.000022 seconds.
  path: Assets/sprites/Spells/Big_Fireball/big_fireball_dir.png
  artifactKey: Guid(3a043820df12d644da67a9a108d7cc77) Importer(815301076,1909f56bfc062723c751e8b465ee728b)
Start importing Assets/sprites/Spells/Big_Fireball/big_fireball_dir.png using Guid(3a043820df12d644da67a9a108d7cc77) Importer(815301076,1909f56bfc062723c751e8b465ee728b)  -> (artifact id: 'a62f3aa92cd5961cbd2f2944933ac635') in 0.023598 seconds 
========================================================================
Received Import Request.
  Time since last request: 0.000033 seconds.
  path: Assets/sprites/Spells/Big_Fireball/Explosao.png
  artifactKey: Guid(768c9a3c37283ca49ac3602ad1a5a225) Importer(815301076,1909f56bfc062723c751e8b465ee728b)
Start importing Assets/sprites/Spells/Big_Fireball/Explosao.png using Guid(768c9a3c37283ca49ac3602ad1a5a225) Importer(815301076,1909f56bfc062723c751e8b465ee728b)  -> (artifact id: '31b1ad0e980a9f1a4db8096ce907cbac') in 0.023270 seconds 
========================================================================
Received Import Request.
  Time since last request: 0.000060 seconds.
  path: Assets/sprites/Spells/Big_Fireball/big_fireball_esq.png
  artifactKey: Guid(a03f80353f66fed49b470bc2c5e72adc) Importer(815301076,1909f56bfc062723c751e8b465ee728b)
Start importing Assets/sprites/Spells/Big_Fireball/big_fireball_esq.png using Guid(a03f80353f66fed49b470bc2c5e72adc) Importer(815301076,1909f56bfc062723c751e8b465ee728b)  -> (artifact id: 'a03afccbb51c2985cbef5d85ae38af66') in 0.061217 seconds 
========================================================================
Received Import Request.
  Time since last request: 0.000041 seconds.
  path: Assets/sprites/Spells/Big_Fireball/big_fireball_cima.png
  artifactKey: Guid(72f075017b610b641baf685e6af4bc03) Importer(815301076,1909f56bfc062723c751e8b465ee728b)
Start importing Assets/sprites/Spells/Big_Fireball/big_fireball_cima.png using Guid(72f075017b610b641baf685e6af4bc03) Importer(815301076,1909f56bfc062723c751e8b465ee728b)  -> (artifact id: '6d57af97d48c84143db84e487fd25a09') in 0.025654 seconds 
